Arguments: 
  /usr/bin/node /usr/bin/yarn init

PATH: 
  /home/hamub/.poetry/bin:/home/hamub/.cargo/bin:/usr/local/sbin:/usr/local/bin:/usr/bin:/usr/lib/jvm/default/bin:/usr/bin/site_perl:/usr/bin/vendor_perl:/usr/bin/core_perl:/bin:/home/hamub/go/bin:/opt/:/bin:/home/hamub/go/bin:/opt/:/bin:/home/hamub/go/bin:/opt/dart-css/:/bin:/home/hamub/go/bin:/opt/dart-sass/:/bin:/home/hamub/go/bin:/opt/dart-sass/:/bin:/home/hamub/go/bin:/opt/dart-sass/

Yarn version: 
  1.17.3

Node version: 
  14.9.0

Platform: 
  linux x64

Trace: 
  Error: canceled
      at Interface.<anonymous> (/usr/lib/node_modules/yarn/lib/cli.js:136724:13)
      at Interface.emit (events.js:314:20)
      at Interface._ttyWrite (readline.js:875:16)
      at ReadStream.onkeypress (readline.js:213:10)
      at ReadStream.emit (events.js:314:20)
      at emitKeys (internal/readline/utils.js:335:14)
      at emitKeys.next (<anonymous>)
      at ReadStream.onData (readline.js:1144:36)
      at ReadStream.emit (events.js:314:20)
      at addChunk (_stream_readable.js:303:12)

npm manifest: 
  No manifest

yarn manifest: 
  No manifest

Lockfile: 
  No lockfile
